[INFO] 00:43:05:501 KERNEL/(13152:13152): 
***LOGS del KERNEL***
 
---TABLA GLOBAL DE ARCHIVOS---

 FILE 			 OPEN

------Fin del LOG------

[INFO] 15:34:33:761 KERNEL/(15414:15414): 
***LOGS del KERNEL***
 
---------------------
PID 		 COLA
- - - - - - - - - - - - - - - - - - -
1000 		 READY
---------------------
---> Cantidad de procesos totales encontrados: 1
------Fin del LOG------

[INFO] 16:00:00:280 KERNEL/(16365:16365): 
***LOGS del KERNEL***
 
---------------------
PID 		 COLA
- - - - - - - - - - - - - - - - - - -
1000 		 EXIT
---------------------
---> Cantidad de procesos totales encontrados: 1
------Fin del LOG------

[INFO] 23:10:13:754 KERNEL/(21828:21828): 
***LOGS del KERNEL***
 
---------------------
PID 		 COLA
- - - - - - - - - - - - - - - - - - -
1000 		 EXIT
- - - - - - - - - - - - - - - - - - -
1001 		 EXIT
- - - - - - - - - - - - - - - - - - -
1002 		 EXIT
- - - - - - - - - - - - - - - - - - -
1003 		 EXIT
- - - - - - - - - - - - - - - - - - -
1004 		 EXIT
- - - - - - - - - - - - - - - - - - -
1005 		 EXIT
- - - - - - - - - - - - - - - - - - -
1006 		 EXIT
- - - - - - - - - - - - - - - - - - -
1007 		 EXIT
- - - - - - - - - - - - - - - - - - -
1008 		 EXIT
- - - - - - - - - - - - - - - - - - -
1009 		 EXIT
---------------------
---> Cantidad de procesos totales encontrados: 10
------Fin del LOG------

[INFO] 23:10:30:810 KERNEL/(21828:21828): 
***LOGS del KERNEL***
 
---------------------
PID 		 COLA
- - - - - - - - - - - - - - - - - - -
1000 		 EXIT
- - - - - - - - - - - - - - - - - - -
1001 		 EXIT
- - - - - - - - - - - - - - - - - - -
1002 		 EXIT
- - - - - - - - - - - - - - - - - - -
1003 		 EXIT
- - - - - - - - - - - - - - - - - - -
1004 		 EXIT
- - - - - - - - - - - - - - - - - - -
1005 		 EXIT
- - - - - - - - - - - - - - - - - - -
1006 		 EXIT
- - - - - - - - - - - - - - - - - - -
1007 		 EXIT
- - - - - - - - - - - - - - - - - - -
1008 		 EXIT
- - - - - - - - - - - - - - - - - - -
1009 		 EXIT
---------------------
---> Cantidad de procesos totales encontrados: 10
------Fin del LOG------

[INFO] 23:10:48:616 KERNEL/(21828:21828): 
***LOGS del KERNEL***
 
-->Logs del Proceso 1004:
Cantidad de rafagas ejecutadas: 1

------Fin del LOG------

