[INFO] 12:21:54:965 CONSOLA/(5923:5930): 
***LOGS de la CONSOLA***
 EXIT CODE: El Proceso(1000) ha finalizado, los siguientes son sus datos estadisticos: 
Fecha de inicio de ejecucion: Sun Jun 25 12:21:54 2017
Fecha de fin de ejecucion: Sun Jun 25 12:21:54 2017
Tiempo total de ejecucion: (0) horas, (0) minutos, (1) segundos.
Cantidad de impresiones por pantalla: 0
------Fin del LOG------

[INFO] 12:47:44:409 CONSOLA/(6727:6729): 
***LOGS de la CONSOLA***
 EXIT CODE: El Proceso(1000) ha finalizado, los siguientes son sus datos estadisticos: 
Fecha de inicio de ejecucion: Sun Jun 25 12:47:44 2017
Fecha de fin de ejecucion: Sun Jun 25 12:47:44 2017
Tiempo total de ejecucion: (0) horas, (0) minutos, (1) segundos.
Cantidad de impresiones por pantalla: 0
------Fin del LOG------

[INFO] 12:47:47:132 CONSOLA/(6727:6735): 
***LOGS de la CONSOLA***
 EXIT CODE: El Proceso(1001) ha finalizado, los siguientes son sus datos estadisticos: 
Fecha de inicio de ejecucion: Sun Jun 25 12:47:47 2017
Fecha de fin de ejecucion: Sun Jun 25 12:47:47 2017
Tiempo total de ejecucion: (0) horas, (0) minutos, (1) segundos.
Cantidad de impresiones por pantalla: 0
------Fin del LOG------

[INFO] 12:47:51:493 CONSOLA/(6727:6741): 
***LOGS de la CONSOLA***
 EXIT CODE: El Proceso(1002) ha finalizado, los siguientes son sus datos estadisticos: 
Fecha de inicio de ejecucion: Sun Jun 25 12:47:51 2017
Fecha de fin de ejecucion: Sun Jun 25 12:47:51 2017
Tiempo total de ejecucion: (0) horas, (0) minutos, (1) segundos.
Cantidad de impresiones por pantalla: 0
------Fin del LOG------

[INFO] 12:48:01:340 CONSOLA/(6727:6747): 
***LOGS de la CONSOLA***
 EXIT CODE: El Proceso(1003) ha finalizado, los siguientes son sus datos estadisticos: 
Fecha de inicio de ejecucion: Sun Jun 25 12:48:01 2017
Fecha de fin de ejecucion: Sun Jun 25 12:48:01 2017
Tiempo total de ejecucion: (0) horas, (0) minutos, (1) segundos.
Cantidad de impresiones por pantalla: 0
------Fin del LOG------

[INFO] 12:48:25:733 CONSOLA/(6756:6758): 
***LOGS de la CONSOLA***
 EXIT CODE: El Proceso(1004) ha finalizado, los siguientes son sus datos estadisticos: 
Fecha de inicio de ejecucion: Sun Jun 25 12:48:25 2017
Fecha de fin de ejecucion: Sun Jun 25 12:48:25 2017
Tiempo total de ejecucion: (0) horas, (0) minutos, (1) segundos.
Cantidad de impresiones por pantalla: 0
------Fin del LOG------

[INFO] 12:50:48:40 CONSOLA/(6756:6813): 
***LOGS de la CONSOLA***
 EXIT CODE: El Proceso(1005) ha finalizado, los siguientes son sus datos estadisticos: 
Fecha de inicio de ejecucion: Sun Jun 25 12:50:48 2017
Fecha de fin de ejecucion: Sun Jun 25 12:50:48 2017
Tiempo total de ejecucion: (0) horas, (0) minutos, (1) segundos.
Cantidad de impresiones por pantalla: 0
------Fin del LOG------

[INFO] 12:51:21:192 CONSOLA/(6756:6827): 
***LOGS de la CONSOLA***
 EXIT CODE: El Proceso(1006) ha finalizado, los siguientes son sus datos estadisticos: 
Fecha de inicio de ejecucion: Sun Jun 25 12:51:21 2017
Fecha de fin de ejecucion: Sun Jun 25 12:51:21 2017
Tiempo total de ejecucion: (0) horas, (0) minutos, (1) segundos.
Cantidad de impresiones por pantalla: 0
------Fin del LOG------

[INFO] 12:53:56:320 CONSOLA/(6926:6932): 
***LOGS de la CONSOLA***
 EXIT CODE: El Proceso(1000) ha finalizado, los siguientes son sus datos estadisticos: 
Fecha de inicio de ejecucion: Sun Jun 25 12:53:56 2017
Fecha de fin de ejecucion: Sun Jun 25 12:53:56 2017
Tiempo total de ejecucion: (0) horas, (0) minutos, (1) segundos.
Cantidad de impresiones por pantalla: 0
------Fin del LOG------

[INFO] 12:59:49:500 CONSOLA/(7324:7326): 
***LOGS de la CONSOLA***
 EXIT CODE: El Proceso(1000) ha finalizado, los siguientes son sus datos estadisticos: 
Fecha de inicio de ejecucion: Sun Jun 25 12:59:49 2017
Fecha de fin de ejecucion: Sun Jun 25 12:59:49 2017
Tiempo total de ejecucion: (0) horas, (0) minutos, (1) segundos.
Cantidad de impresiones por pantalla: 0
------Fin del LOG------

[INFO] 13:02:14:83 CONSOLA/(7471:7473): 
***LOGS de la CONSOLA***
 EXIT CODE: El Proceso(1000) ha finalizado, los siguientes son sus datos estadisticos: 
Fecha de inicio de ejecucion: Sun Jun 25 13:02:14 2017
Fecha de fin de ejecucion: Sun Jun 25 13:02:14 2017
Tiempo total de ejecucion: (0) horas, (0) minutos, (4) segundos.
Cantidad de impresiones por pantalla: 0
------Fin del LOG------

[INFO] 13:04:06:225 CONSOLA/(7597:7599): 
***LOGS de la CONSOLA***
 EXIT CODE: El Proceso(1000) ha finalizado, los siguientes son sus datos estadisticos: 
Fecha de inicio de ejecucion: Sun Jun 25 13:04:06 2017
Fecha de fin de ejecucion: Sun Jun 25 13:04:06 2017
Tiempo total de ejecucion: (0) horas, (0) minutos, (6) segundos.
Cantidad de impresiones por pantalla: 0
------Fin del LOG------

[INFO] 13:06:59:276 CONSOLA/(7792:7794): 
***LOGS de la CONSOLA***
 EXIT CODE: El Proceso(1000) ha finalizado, los siguientes son sus datos estadisticos: 
Fecha de inicio de ejecucion: Sun Jun 25 13:06:59 2017
Fecha de fin de ejecucion: Sun Jun 25 13:06:59 2017
Tiempo total de ejecucion: (0) horas, (0) minutos, (6) segundos.
Cantidad de impresiones por pantalla: 0
------Fin del LOG------

[INFO] 13:10:18:484 CONSOLA/(7792:7851): 
***LOGS de la CONSOLA***
 EXIT CODE: El Proceso(1001) ha finalizado, los siguientes son sus datos estadisticos: 
Fecha de inicio de ejecucion: Sun Jun 25 13:10:18 2017
Fecha de fin de ejecucion: Sun Jun 25 13:10:18 2017
Tiempo total de ejecucion: (0) horas, (0) minutos, (44) segundos.
Cantidad de impresiones por pantalla: 0
------Fin del LOG------

[INFO] 13:11:02:168 CONSOLA/(7978:7980): 
***LOGS de la CONSOLA***
 EXIT CODE: El Proceso(1000) ha finalizado, los siguientes son sus datos estadisticos: 
Fecha de inicio de ejecucion: Sun Jun 25 13:11:02 2017
Fecha de fin de ejecucion: Sun Jun 25 13:11:02 2017
Tiempo total de ejecucion: (0) horas, (0) minutos, (1) segundos.
Cantidad de impresiones por pantalla: 0
------Fin del LOG------

[INFO] 13:12:00:369 CONSOLA/(8048:8050): 
***LOGS de la CONSOLA***
 EXIT CODE: El Proceso(1000) ha finalizado, los siguientes son sus datos estadisticos: 
Fecha de inicio de ejecucion: Sun Jun 25 13:12:00 2017
Fecha de fin de ejecucion: Sun Jun 25 13:12:00 2017
Tiempo total de ejecucion: (0) horas, (0) minutos, (12) segundos.
Cantidad de impresiones por pantalla: 0
------Fin del LOG------

[INFO] 13:17:21:613 CONSOLA/(8312:8314): 
***LOGS de la CONSOLA***
 EXIT CODE: El Proceso(1000) ha finalizado, los siguientes son sus datos estadisticos: 
Fecha de inicio de ejecucion: Sun Jun 25 13:17:21 2017
Fecha de fin de ejecucion: Sun Jun 25 13:17:21 2017
Tiempo total de ejecucion: (0) horas, (0) minutos, (3) segundos.
Cantidad de impresiones por pantalla: 0
------Fin del LOG------

[INFO] 13:19:05:19 CONSOLA/(8514:8516): 
***LOGS de la CONSOLA***
 EXIT CODE: El Proceso(1000) ha finalizado, los siguientes son sus datos estadisticos: 
Fecha de inicio de ejecucion: Sun Jun 25 13:19:05 2017
Fecha de fin de ejecucion: Sun Jun 25 13:19:05 2017
Tiempo total de ejecucion: (0) horas, (0) minutos, (3) segundos.
Cantidad de impresiones por pantalla: 0
------Fin del LOG------

[INFO] 13:20:18:621 CONSOLA/(8655:8657): 
***LOGS de la CONSOLA***
 EXIT CODE: El Proceso(1000) ha finalizado, los siguientes son sus datos estadisticos: 
Fecha de inicio de ejecucion: Sun Jun 25 13:20:18 2017
Fecha de fin de ejecucion: Sun Jun 25 13:20:18 2017
Tiempo total de ejecucion: (0) horas, (0) minutos, (2) segundos.
Cantidad de impresiones por pantalla: 0
------Fin del LOG------

